<?xml version="1.0" encoding="UTF-8"?>
<robot generator="Robot 7.0 (Python 3.12.2 on darwin)" generated="2024-05-25T21:51:51.853326" rpa="false" schemaversion="5">
<suite id="s1" name="Test Resizable" source="/Users/danychristeh/Documents/Pycharm/RobotFramework/Project/Test_Resizable.robot">
<test id="s1-t1" name="Handling Resizable" line="16">
<kw name="launching browser" owner="Commons">
<kw name="Open Browser" owner="SeleniumLibrary">
<msg time="2024-05-25T21:51:52.073896" level="INFO">Opening browser 'chrome' to base url 'https://jqueryui.com/resources/demos/droppable/default.html'.</msg>
<arg>${url}</arg>
<arg>${browserName}</arg>
<doc>Opens a new browser instance to the optional ``url``.</doc>
<status status="PASS" start="2024-05-25T21:51:52.073614" elapsed="2.515000"/>
</kw>
<kw name="Set Selenium Implicit Wait" owner="SeleniumLibrary">
<arg>10 seconds</arg>
<doc>Sets the implicit wait value used by Selenium.</doc>
<status status="PASS" start="2024-05-25T21:51:54.590351" elapsed="0.002785"/>
</kw>
<kw name="Log Title" owner="SeleniumLibrary">
<msg time="2024-05-25T21:51:54.603550" level="INFO">jQuery UI Droppable - Default functionality</msg>
<doc>Logs and returns the title of the current page.</doc>
<status status="PASS" start="2024-05-25T21:51:54.593854" elapsed="0.009860"/>
</kw>
<arg>https://jqueryui.com/resources/demos/droppable/default.html</arg>
<arg>chrome</arg>
<status status="PASS" start="2024-05-25T21:51:52.072730" elapsed="2.531429"/>
</kw>
<kw name="Drag And Drop" owner="SeleniumLibrary">
<arg>id:draggable</arg>
<arg>id:droppable</arg>
<doc>Drags the element identified by ``locator`` into the ``target`` element.</doc>
<status status="PASS" start="2024-05-25T21:51:54.604941" elapsed="0.612023"/>
</kw>
<status status="PASS" start="2024-05-25T21:51:52.072118" elapsed="3.145492"/>
</test>
<status status="PASS" start="2024-05-25T21:51:51.857274" elapsed="3.361318"/>
</suite>
<statistics>
<total>
<stat pass="1" fail="0" skip="0">All Tests</stat>
</total>
<tag>
</tag>
<suite>
<stat pass="1" fail="0" skip="0" id="s1" name="Test Resizable">Test Resizable</stat>
</suite>
</statistics>
<errors>
<msg time="2024-05-25T21:51:52.070617" level="ERROR">Error in file '/Users/danychristeh/Documents/Pycharm/RobotFramework/Project/Resources/Commons.robot' on line 4: Variable file 'Resources/Locators.py' does not exist.</msg>
</errors>
</robot>
